[2026-04-08 15:39:58] 🧠 ADAPTIVE AUTONOMOUS RESEARCH STARTED
[2026-04-08 15:39:58] ⏱️  Duration: 8 hours maximum
[2026-04-08 15:39:58] 🎯 Features: Online research + Adaptive idea generation
[2026-04-08 15:39:58] 📊 All ideas documented in IDEA.md
[2026-04-08 15:39:58] =
[2026-04-08 15:39:58] 📋 Starting from experiment 0
[2026-04-08 15:39:58] 
[2026-04-08 15:39:58] 🧪 EXPERIMENT AR_000
[2026-04-08 15:39:58]    Time remaining: 480 minutes
[2026-04-08 15:39:58]    🧠 Analyzing experiments and generating new idea...
Generated idea: Supervised Contrastive Detection (Novelty: 9/10)
Expected gain: 5-10% mAP50 on B2/B3 specifically
[2026-04-08 15:40:01]    ✅ IDEA.md updated and pushed
[2026-04-08 15:40:01]    🎯 Strategy: contrastive_learning
🧪 AR_000: HighCls_Conservative
   Strategy: ['high_cls_weight', 'conservative_augmentation']
   ⚠️ Dataset not fully ready, waiting...
Ultralytics 8.4.35 🚀 Python-3.11.10 torch-2.4.1+cu124 CUDA:0 (NVIDIA RTX A4500, 20053MiB)
[34m[1mengine/trainer: [0magnostic_nms=False, amp=True, angle=1.0, augment=False, auto_augment=randaugment, batch=16, bgr=0.0, box=7.5, cache=False, cfg=None, classes=None, close_mosaic=10, cls=5.0, compile=False, conf=None, copy_paste=0.1, copy_paste_mode=flip, cos_lr=False, cutmix=0.0, data=/workspace/Hermes-YOLO/experiments/runs/AR_000/data.yaml, degrees=5.0, deterministic=True, device=None, dfl=1.5, dnn=False, dropout=0.0, dynamic=False, embed=None, end2end=None, epochs=8, erasing=0.4, exist_ok=True, fliplr=0.5, flipud=0.0, format=torchscript, fraction=1.0, freeze=None, half=False, hsv_h=0.015, hsv_s=0.7, hsv_v=0.4, imgsz=640, int8=False, iou=0.7, keras=False, kobj=1.0, line_width=None, lr0=0.01, lrf=0.1, mask_ratio=4, max_det=300, mixup=0.0, mode=train, model=yolo11s.pt, momentum=0.937, mosaic=0.5, multi_scale=0.0, name=train, nbs=64, nms=False, opset=None, optimize=False, optimizer=auto, overlap_mask=True, patience=100, perspective=0.0, plots=True, pose=12.0, pretrained=True, profile=False, project=/workspace/Hermes-YOLO/experiments/runs/AR_000, rect=False, resume=False, retina_masks=False, rle=1.0, save=True, save_conf=False, save_crop=False, save_dir=/workspace/Hermes-YOLO/experiments/runs/AR_000/train, save_frames=False, save_json=False, save_period=-1, save_txt=False, scale=0.5, seed=42, shear=0.0, show=False, show_boxes=True, show_conf=True, show_labels=True, simplify=True, single_cls=False, source=None, split=val, stream_buffer=False, task=detect, time=None, tracker=botsort.yaml, translate=0.1, val=True, verbose=True, vid_stride=1, visualize=False, warmup_bias_lr=0.1, warmup_epochs=3.0, warmup_momentum=0.8, weight_decay=0.0005, workers=8, workspace=None

   ❌ Error: Dataset '/workspace/Hermes-YOLO/experiments/runs/AR_000/data.yaml' error ❌ Dataset '/workspace/Hermes-YOLO/experiments/runs/AR_000/data.yaml' images not found, missing path '/root/.cache/huggingface/h
FAILED:Dataset '/workspace/Hermes-YOLO/experiments/runs/AR_000/data.yaml' error ❌ Dataset '/workspace/Hermes-YOLO/experiments/runs/AR_000/data.yaml' images not found, missing path '/root/.cache/huggingface/hub/datasets--ULM-DS-Lab--Dataset-Sawit-YOLO/snapshots/07cd073d89543c1f7cd3b7d8f1aba1c125a41ec1/val/images'
Note dataset download directory is '/workspace/Hermes-YOLO/datasets'. You can update this in '/root/.config/Ultralytics/settings.json'
[2026-04-08 15:41:05]    ✅ AR_000 completed: mAP50=
[2026-04-08 15:41:05]    📊 Analyzing result...
[2026-04-08 15:41:05]    📈 Updating visualizations...
[2026-04-08 15:41:06]    📤 Pushing all results to GitHub...
