[2026-04-08 15:46:11] 🧠 ADAPTIVE AUTONOMOUS RESEARCH STARTED
[2026-04-08 15:46:11] ⏱️  Duration: 8 hours maximum
[2026-04-08 15:46:11] 🎯 Features: Online research + Adaptive idea generation
[2026-04-08 15:46:11] 📊 All ideas documented in IDEA.md
[2026-04-08 15:46:11] =
[2026-04-08 15:46:11] 📋 Starting from experiment 0
[2026-04-08 15:46:11] 
[2026-04-08 15:46:11] 🧪 EXPERIMENT AR_000
[2026-04-08 15:46:11]    Time remaining: 480 minutes
[2026-04-08 15:46:11]    🧠 Analyzing experiments and generating new idea...
Generated idea: Supervised Contrastive Detection (Novelty: 9/10)
Expected gain: 5-10% mAP50 on B2/B3 specifically
[2026-04-08 15:46:14]    ✅ IDEA.md updated and pushed
[2026-04-08 15:46:14]    🎯 Strategy: contrastive_learning
🧪 AR_000: HighCls_Conservative
   Strategy: ['high_cls_weight', 'conservative_augmentation']
   ⚠️ Dataset not fully ready, waiting...
   Found dataset at: /root/.cache/huggingface/hub/datasets--ULM-DS-Lab--Dataset-Sawit-YOLO/snapshots/07cd073d89543c1f7cd3b7d8f1aba1c125a41ec1
Ultralytics 8.4.35 🚀 Python-3.11.10 torch-2.4.1+cu124 CUDA:0 (NVIDIA RTX A4500, 20053MiB)
[34m[1mengine/trainer: [0magnostic_nms=False, amp=True, angle=1.0, augment=False, auto_augment=randaugment, batch=16, bgr=0.0, box=7.5, cache=False, cfg=None, classes=None, close_mosaic=10, cls=5.0, compile=False, conf=None, copy_paste=0.1, copy_paste_mode=flip, cos_lr=False, cutmix=0.0, data=/workspace/Hermes-YOLO/dataset.yaml, degrees=5.0, deterministic=True, device=None, dfl=1.5, dnn=False, dropout=0.0, dynamic=False, embed=None, end2end=None, epochs=8, erasing=0.4, exist_ok=True, fliplr=0.5, flipud=0.0, format=torchscript, fraction=1.0, freeze=None, half=False, hsv_h=0.015, hsv_s=0.7, hsv_v=0.4, imgsz=640, int8=False, iou=0.7, keras=False, kobj=1.0, line_width=None, lr0=0.01, lrf=0.1, mask_ratio=4, max_det=300, mixup=0.0, mode=train, model=yolo11s.pt, momentum=0.937, mosaic=0.5, multi_scale=0.0, name=train, nbs=64, nms=False, opset=None, optimize=False, optimizer=auto, overlap_mask=True, patience=100, perspective=0.0, plots=True, pose=12.0, pretrained=True, profile=False, project=/workspace/Hermes-YOLO/experiments/runs/AR_000, rect=False, resume=False, retina_masks=False, rle=1.0, save=True, save_conf=False, save_crop=False, save_dir=/workspace/Hermes-YOLO/experiments/runs/AR_000/train, save_frames=False, save_json=False, save_period=-1, save_txt=False, scale=0.5, seed=42, shear=0.0, show=False, show_boxes=True, show_conf=True, show_labels=True, simplify=True, single_cls=False, source=None, split=val, stream_buffer=False, task=detect, time=None, tracker=botsort.yaml, translate=0.1, val=True, verbose=True, vid_stride=1, visualize=False, warmup_bias_lr=0.1, warmup_epochs=3.0, warmup_momentum=0.8, weight_decay=0.0005, workers=8, workspace=None
Overriding model.yaml nc=80 with nc=4

                   from  n    params  module                                       arguments                     
  0                  -1  1       928  ultralytics.nn.modules.conv.Conv             [3, 32, 3, 2]                 
  1                  -1  1     18560  ultralytics.nn.modules.conv.Conv             [32, 64, 3, 2]                
  2                  -1  1     26080  ultralytics.nn.modules.block.C3k2            [64, 128, 1, False, 0.25]     
  3                  -1  1    147712  ultralytics.nn.modules.conv.Conv             [128, 128, 3, 2]              
  4                  -1  1    103360  ultralytics.nn.modules.block.C3k2            [128, 256, 1, False, 0.25]    
  5                  -1  1    590336  ultralytics.nn.modules.conv.Conv             [256, 256, 3, 2]              
  6                  -1  1    346112  ultralytics.nn.modules.block.C3k2            [256, 256, 1, True]           
  7                  -1  1   1180672  ultralytics.nn.modules.conv.Conv             [256, 512, 3, 2]              
  8                  -1  1   1380352  ultralytics.nn.modules.block.C3k2            [512, 512, 1, True]           
  9                  -1  1    656896  ultralytics.nn.modules.block.SPPF            [512, 512, 5]                 
 10                  -1  1    990976  ultralytics.nn.modules.block.C2PSA           [512, 512, 1]                 
 11                  -1  1         0  torch.nn.modules.upsampling.Upsample         [None, 2, 'nearest']          
 12             [-1, 6]  1         0  ultralytics.nn.modules.conv.Concat           [1]                           
 13                  -1  1    443776  ultralytics.nn.modules.block.C3k2            [768, 256, 1, False]          
 14                  -1  1         0  torch.nn.modules.upsampling.Upsample         [None, 2, 'nearest']          
 15             [-1, 4]  1         0  ultralytics.nn.modules.conv.Concat           [1]                           
 16                  -1  1    127680  ultralytics.nn.modules.block.C3k2            [512, 128, 1, False]          
 17                  -1  1    147712  ultralytics.nn.modules.conv.Conv             [128, 128, 3, 2]              
 18            [-1, 13]  1         0  ultralytics.nn.modules.conv.Concat           [1]                           
 19                  -1  1    345472  ultralytics.nn.modules.block.C3k2            [384, 256, 1, False]          
 20                  -1  1    590336  ultralytics.nn.modules.conv.Conv             [256, 256, 3, 2]              
 21            [-1, 10]  1         0  ultralytics.nn.modules.conv.Concat           [1]                           
 22                  -1  1   1511424  ultralytics.nn.modules.block.C3k2            [768, 512, 1, True]           
 23        [16, 19, 22]  1    820956  ultralytics.nn.modules.head.Detect           [4, 16, None, [128, 256, 512]]
YOLO11s summary: 182 layers, 9,429,340 parameters, 9,429,324 gradients, 21.6 GFLOPs

Transferred 493/499 items from pretrained weights
Freezing layer 'model.23.dfl.conv.weight'
[34m[1mAMP: [0mrunning Automatic Mixed Precision (AMP) checks...
[34m[1mAMP: [0mchecks passed ✅
[34m[1mtrain: [0mFast image access ✅ (ping: 0.0±0.0 ms, read: 3589.0±2874.6 MB/s, size: 565.0 KB)

[34m[1mval: [0mFast image access ✅ (ping: 0.0±0.0 ms, read: 3145.5±3216.4 MB/s, size: 625.6 KB)

[34m[1moptimizer:[0m 'optimizer=auto' found, ignoring 'lr0=0.01' and 'momentum=0.937' and determining best 'optimizer', 'lr0' and 'momentum' automatically... 
[34m[1moptimizer:[0m AdamW(lr=0.00125, momentum=0.9) with parameter groups 81 weight(decay=0.0), 88 weight(decay=0.0005), 87 bias(decay=0.0)
Plotting labels to /workspace/Hermes-YOLO/experiments/runs/AR_000/train/labels.jpg... 
Image sizes 640 train, 640 val
Using 8 dataloader workers
Logging results to [1m/workspace/Hermes-YOLO/experiments/runs/AR_000/train[0m
Starting training for 8 epochs...

      Epoch    GPU_mem   box_loss   cls_loss   dfl_loss  Instances       Size
        1/8      3.95G      2.074      23.83      1.799         55        640: 100% ━━━━━━━━━━━━ 173/173 6.6it/s 26.3s
                 Class     Images  Instances      Box(P          R      mAP50  mAP50-95): 100% ━━━━━━━━━━━━ 19/19 8.4it/s 2.3s
                   all        604       2786      0.398      0.449       0.37      0.162

      Epoch    GPU_mem   box_loss   cls_loss   dfl_loss  Instances       Size
        2/8       4.2G      1.897      18.27      1.589         54        640: 100% ━━━━━━━━━━━━ 173/173 7.9it/s 21.9s
                 Class     Images  Instances      Box(P          R      mAP50  mAP50-95): 100% ━━━━━━━━━━━━ 19/19 8.8it/s 2.2s
                   all        604       2786      0.415      0.516      0.442       0.19

      Epoch    GPU_mem   box_loss   cls_loss   dfl_loss  Instances       Size
        3/8       4.2G      1.913      17.75      1.562         55        640: 100% ━━━━━━━━━━━━ 173/173 7.9it/s 22.0s
                 Class     Images  Instances      Box(P          R      mAP50  mAP50-95): 100% ━━━━━━━━━━━━ 19/19 9.1it/s 2.1s
                   all        604       2786      0.368      0.502      0.408      0.181

      Epoch    GPU_mem   box_loss   cls_loss   dfl_loss  Instances       Size
        4/8      4.22G      1.878      16.96      1.536         64        640: 100% ━━━━━━━━━━━━ 173/173 7.9it/s 21.9s
                 Class     Images  Instances      Box(P          R      mAP50  mAP50-95): 100% ━━━━━━━━━━━━ 19/19 9.1it/s 2.1s
                   all        604       2786      0.436      0.518      0.441      0.192

      Epoch    GPU_mem   box_loss   cls_loss   dfl_loss  Instances       Size
        5/8      4.22G      1.846      16.54      1.504         75        640: 100% ━━━━━━━━━━━━ 173/173 8.0it/s 21.6s
                 Class     Images  Instances      Box(P          R      mAP50  mAP50-95): 100% ━━━━━━━━━━━━ 19/19 8.9it/s 2.1s
                   all        604       2786      0.428      0.542      0.442      0.199

      Epoch    GPU_mem   box_loss   cls_loss   dfl_loss  Instances       Size
        6/8      4.22G      1.809      16.08      1.478         61        640: 100% ━━━━━━━━━━━━ 173/173 8.0it/s 21.6s
                 Class     Images  Instances      Box(P          R      mAP50  mAP50-95): 100% ━━━━━━━━━━━━ 19/19 9.3it/s 2.0s
                   all        604       2786      0.442      0.565      0.477      0.217

      Epoch    GPU_mem   box_loss   cls_loss   dfl_loss  Instances       Size
        7/8      4.22G      1.801      15.73      1.472         95        640: 100% ━━━━━━━━━━━━ 173/173 8.0it/s 21.7s
                 Class     Images  Instances      Box(P          R      mAP50  mAP50-95): 100% ━━━━━━━━━━━━ 19/19 9.0it/s 2.1s
                   all        604       2786      0.483      0.558      0.499      0.231

      Epoch    GPU_mem   box_loss   cls_loss   dfl_loss  Instances       Size
        8/8      4.22G      1.769      15.33      1.456         81        640: 100% ━━━━━━━━━━━━ 173/173 8.0it/s 21.7s
                 Class     Images  Instances      Box(P          R      mAP50  mAP50-95): 100% ━━━━━━━━━━━━ 19/19 8.8it/s 2.2s
                   all        604       2786      0.458      0.567      0.498      0.232

8 epochs completed in 0.057 hours.
Optimizer stripped from /workspace/Hermes-YOLO/experiments/runs/AR_000/train/weights/last.pt, 19.2MB
Optimizer stripped from /workspace/Hermes-YOLO/experiments/runs/AR_000/train/weights/best.pt, 19.2MB

Validating /workspace/Hermes-YOLO/experiments/runs/AR_000/train/weights/best.pt...
Ultralytics 8.4.35 🚀 Python-3.11.10 torch-2.4.1+cu124 CUDA:0 (NVIDIA RTX A4500, 20053MiB)
YOLO11s summary (fused): 101 layers, 9,414,348 parameters, 0 gradients, 21.3 GFLOPs
                 Class     Images  Instances      Box(P          R      mAP50  mAP50-95): 100% ━━━━━━━━━━━━ 19/19 6.0it/s 3.2s
                   all        604       2786      0.458      0.567      0.498      0.232
                    B1        252        301      0.583      0.831      0.776      0.407
                    B2        364        612      0.406      0.376      0.362      0.165
                    B3        533       1319      0.402      0.747      0.526      0.232
                    B4        329        554      0.443      0.314      0.329      0.125
Speed: 0.1ms preprocess, 1.2ms inference, 0.0ms loss, 0.7ms postprocess per image
Results saved to [1m/workspace/Hermes-YOLO/experiments/runs/AR_000/train[0m
   ✅ mAP50: 0.4984 | Commit: bde80b48
SUCCESS:0.4984
[2026-04-08 15:51:19]    ✅ AR_000 completed: mAP50=0.4984
[2026-04-08 15:51:19]    📊 Analyzing result...
[2026-04-08 15:51:19]    📈 Updating visualizations...
[2026-04-08 15:51:20]    📤 Pushing all results to GitHub...
To https://github.com/muhammad-zainal-muttaqin/Hermes-YOLO.git
   bde80b4..b691b3d  main -> main
[2026-04-08 15:51:33] 
[2026-04-08 15:51:33] 🧪 EXPERIMENT AR_001
[2026-04-08 15:51:34]    Time remaining: 474 minutes
[2026-04-08 15:51:34]    🧠 Analyzing experiments and generating new idea...
Generated idea: Supervised Contrastive Detection (Novelty: 9/10)
Expected gain: 5-10% mAP50 on B2/B3 specifically
[2026-04-08 15:51:36]    ✅ IDEA.md updated and pushed
[2026-04-08 15:51:36]    🎯 Strategy: contrastive_learning
🧪 AR_001: Conservative_B4
   Strategy: ['conservative_aug', 'high_res_small_obj']
   ⚠️ Dataset not fully ready, waiting...
   Found dataset at: /root/.cache/huggingface/hub/datasets--ULM-DS-Lab--Dataset-Sawit-YOLO/snapshots/07cd073d89543c1f7cd3b7d8f1aba1c125a41ec1
Ultralytics 8.4.35 🚀 Python-3.11.10 torch-2.4.1+cu124 CUDA:0 (NVIDIA RTX A4500, 20053MiB)
[34m[1mengine/trainer: [0magnostic_nms=False, amp=True, angle=1.0, augment=False, auto_augment=randaugment, batch=8, bgr=0.0, box=7.5, cache=False, cfg=None, classes=None, close_mosaic=10, cls=3.0, compile=False, conf=None, copy_paste=0.2, copy_paste_mode=flip, cos_lr=False, cutmix=0.0, data=/workspace/Hermes-YOLO/dataset.yaml, degrees=2.0, deterministic=True, device=None, dfl=1.5, dnn=False, dropout=0.0, dynamic=False, embed=None, end2end=None, epochs=7, erasing=0.4, exist_ok=True, fliplr=0.5, flipud=0.0, format=torchscript, fraction=1.0, freeze=None, half=False, hsv_h=0.015, hsv_s=0.7, hsv_v=0.4, imgsz=768, int8=False, iou=0.7, keras=False, kobj=1.0, line_width=None, lr0=0.008, lrf=0.05, mask_ratio=4, max_det=300, mixup=0.0, mode=train, model=yolo11s.pt, momentum=0.937, mosaic=0.2, multi_scale=0.0, name=train, nbs=64, nms=False, opset=None, optimize=False, optimizer=auto, overlap_mask=True, patience=100, perspective=0, plots=True, pose=12.0, pretrained=True, profile=False, project=/workspace/Hermes-YOLO/experiments/runs/AR_001, rect=False, resume=False, retina_masks=False, rle=1.0, save=True, save_conf=False, save_crop=False, save_dir=/workspace/Hermes-YOLO/experiments/runs/AR_001/train, save_frames=False, save_json=False, save_period=-1, save_txt=False, scale=0.3, seed=42, shear=0, show=False, show_boxes=True, show_conf=True, show_labels=True, simplify=True, single_cls=False, source=None, split=val, stream_buffer=False, task=detect, time=None, tracker=botsort.yaml, translate=0.1, val=True, verbose=True, vid_stride=1, visualize=False, warmup_bias_lr=0.1, warmup_epochs=3.0, warmup_momentum=0.8, weight_decay=0.0005, workers=8, workspace=None
Overriding model.yaml nc=80 with nc=4

                   from  n    params  module                                       arguments                     
  0                  -1  1       928  ultralytics.nn.modules.conv.Conv             [3, 32, 3, 2]                 
  1                  -1  1     18560  ultralytics.nn.modules.conv.Conv             [32, 64, 3, 2]                
  2                  -1  1     26080  ultralytics.nn.modules.block.C3k2            [64, 128, 1, False, 0.25]     
  3                  -1  1    147712  ultralytics.nn.modules.conv.Conv             [128, 128, 3, 2]              
  4                  -1  1    103360  ultralytics.nn.modules.block.C3k2            [128, 256, 1, False, 0.25]    
  5                  -1  1    590336  ultralytics.nn.modules.conv.Conv             [256, 256, 3, 2]              
  6                  -1  1    346112  ultralytics.nn.modules.block.C3k2            [256, 256, 1, True]           
  7                  -1  1   1180672  ultralytics.nn.modules.conv.Conv             [256, 512, 3, 2]              
  8                  -1  1   1380352  ultralytics.nn.modules.block.C3k2            [512, 512, 1, True]           
  9                  -1  1    656896  ultralytics.nn.modules.block.SPPF            [512, 512, 5]                 
 10                  -1  1    990976  ultralytics.nn.modules.block.C2PSA           [512, 512, 1]                 
 11                  -1  1         0  torch.nn.modules.upsampling.Upsample         [None, 2, 'nearest']          
 12             [-1, 6]  1         0  ultralytics.nn.modules.conv.Concat           [1]                           
 13                  -1  1    443776  ultralytics.nn.modules.block.C3k2            [768, 256, 1, False]          
 14                  -1  1         0  torch.nn.modules.upsampling.Upsample         [None, 2, 'nearest']          
 15             [-1, 4]  1         0  ultralytics.nn.modules.conv.Concat           [1]                           
 16                  -1  1    127680  ultralytics.nn.modules.block.C3k2            [512, 128, 1, False]          
 17                  -1  1    147712  ultralytics.nn.modules.conv.Conv             [128, 128, 3, 2]              
 18            [-1, 13]  1         0  ultralytics.nn.modules.conv.Concat           [1]                           
 19                  -1  1    345472  ultralytics.nn.modules.block.C3k2            [384, 256, 1, False]          
 20                  -1  1    590336  ultralytics.nn.modules.conv.Conv             [256, 256, 3, 2]              
 21            [-1, 10]  1         0  ultralytics.nn.modules.conv.Concat           [1]                           
 22                  -1  1   1511424  ultralytics.nn.modules.block.C3k2            [768, 512, 1, True]           
 23        [16, 19, 22]  1    820956  ultralytics.nn.modules.head.Detect           [4, 16, None, [128, 256, 512]]
YOLO11s summary: 182 layers, 9,429,340 parameters, 9,429,324 gradients, 21.6 GFLOPs

Transferred 493/499 items from pretrained weights
Freezing layer 'model.23.dfl.conv.weight'
[34m[1mAMP: [0mrunning Automatic Mixed Precision (AMP) checks...
[34m[1mAMP: [0mchecks passed ✅
[34m[1mtrain: [0mFast image access ✅ (ping: 0.0±0.0 ms, read: 3545.3±2815.6 MB/s, size: 565.0 KB)

[34m[1mval: [0mFast image access ✅ (ping: 0.0±0.0 ms, read: 3391.0±3144.5 MB/s, size: 625.6 KB)

[34m[1moptimizer:[0m 'optimizer=auto' found, ignoring 'lr0=0.008' and 'momentum=0.937' and determining best 'optimizer', 'lr0' and 'momentum' automatically... 
[34m[1moptimizer:[0m AdamW(lr=0.00125, momentum=0.9) with parameter groups 81 weight(decay=0.0), 88 weight(decay=0.0005), 87 bias(decay=0.0)
Plotting labels to /workspace/Hermes-YOLO/experiments/runs/AR_001/train/labels.jpg... 
Image sizes 768 train, 768 val
Using 8 dataloader workers
Logging results to [1m/workspace/Hermes-YOLO/experiments/runs/AR_001/train[0m
Starting training for 7 epochs...

      Epoch    GPU_mem   box_loss   cls_loss   dfl_loss  Instances       Size
        1/7      2.91G      1.993      14.17      1.784         17        768: 100% ━━━━━━━━━━━━ 346/346 8.4it/s 41.0s
                 Class     Images  Instances      Box(P          R      mAP50  mAP50-95): 100% ━━━━━━━━━━━━ 38/38 13.2it/s 2.9s
                   all        604       2786      0.374      0.502      0.405      0.177

      Epoch    GPU_mem   box_loss   cls_loss   dfl_loss  Instances       Size
        2/7      3.09G      1.883      11.01      1.619         32        768: 100% ━━━━━━━━━━━━ 346/346 9.4it/s 36.8s
                 Class     Images  Instances      Box(P          R      mAP50  mAP50-95): 100% ━━━━━━━━━━━━ 38/38 14.1it/s 2.7s
                   all        604       2786       0.38       0.52      0.412      0.186

      Epoch    GPU_mem   box_loss   cls_loss   dfl_loss  Instances       Size
        3/7      3.09G      1.861      10.62      1.595         18        768: 100% ━━━━━━━━━━━━ 346/346 9.8it/s 35.4s
                 Class     Images  Instances      Box(P          R      mAP50  mAP50-95): 100% ━━━━━━━━━━━━ 38/38 14.1it/s 2.7s
                   all        604       2786       0.44      0.564      0.469      0.214

      Epoch    GPU_mem   box_loss   cls_loss   dfl_loss  Instances       Size
        4/7      3.09G      1.848      10.23      1.579         21        768: 100% ━━━━━━━━━━━━ 346/346 9.8it/s 35.4s
                 Class     Images  Instances      Box(P          R      mAP50  mAP50-95): 100% ━━━━━━━━━━━━ 38/38 14.0it/s 2.7s
                   all        604       2786      0.442      0.564      0.472      0.222

      Epoch    GPU_mem   box_loss   cls_loss   dfl_loss  Instances       Size
        5/7      3.09G      1.802      9.862       1.54         27        768: 100% ━━━━━━━━━━━━ 346/346 9.7it/s 35.8s
                 Class     Images  Instances      Box(P          R      mAP50  mAP50-95): 100% ━━━━━━━━━━━━ 38/38 12.9it/s 2.9s
                   all        604       2786      0.452      0.545      0.471      0.216

      Epoch    GPU_mem   box_loss   cls_loss   dfl_loss  Instances       Size
[2026-04-08 15:57:05] Interrupted
