[2026-04-08 15:41:41] 🧠 ADAPTIVE AUTONOMOUS RESEARCH STARTED
[2026-04-08 15:41:41] ⏱️  Duration: 8 hours maximum
[2026-04-08 15:41:41] 🎯 Features: Online research + Adaptive idea generation
[2026-04-08 15:41:41] 📊 All ideas documented in IDEA.md
[2026-04-08 15:41:41] =
[2026-04-08 15:41:41] 📋 Starting from experiment 0
[2026-04-08 15:41:41] 
[2026-04-08 15:41:41] 🧪 EXPERIMENT AR_000
[2026-04-08 15:41:41]    Time remaining: 480 minutes
[2026-04-08 15:41:41]    🧠 Analyzing experiments and generating new idea...
Generated idea: Supervised Contrastive Detection (Novelty: 9/10)
Expected gain: 5-10% mAP50 on B2/B3 specifically
[2026-04-08 15:41:44]    ✅ IDEA.md updated and pushed
[2026-04-08 15:41:45]    🎯 Strategy: contrastive_learning
🧪 AR_000: HighCls_Conservative
   Strategy: ['high_cls_weight', 'conservative_augmentation']
   ⚠️ Dataset not fully ready, waiting...
   Found dataset at: /root/.cache/huggingface/hub/datasets--ULM-DS-Lab--Dataset-Sawit-YOLO/snapshots/07cd073d89543c1f7cd3b7d8f1aba1c125a41ec1
   Dataset check - Train: 2764, Val: 604
   Created data.yaml at: /workspace/Hermes-YOLO/experiments/runs/AR_000/data.yaml
Ultralytics 8.4.35 🚀 Python-3.11.10 torch-2.4.1+cu124 CUDA:0 (NVIDIA RTX A4500, 20053MiB)
[34m[1mengine/trainer: [0magnostic_nms=False, amp=True, angle=1.0, augment=False, auto_augment=randaugment, batch=16, bgr=0.0, box=7.5, cache=False, cfg=None, classes=None, close_mosaic=10, cls=5.0, compile=False, conf=None, copy_paste=0.1, copy_paste_mode=flip, cos_lr=False, cutmix=0.0, data=/workspace/Hermes-YOLO/experiments/runs/AR_000/data.yaml, degrees=5.0, deterministic=True, device=None, dfl=1.5, dnn=False, dropout=0.0, dynamic=False, embed=None, end2end=None, epochs=8, erasing=0.4, exist_ok=True, fliplr=0.5, flipud=0.0, format=torchscript, fraction=1.0, freeze=None, half=False, hsv_h=0.015, hsv_s=0.7, hsv_v=0.4, imgsz=640, int8=False, iou=0.7, keras=False, kobj=1.0, line_width=None, lr0=0.01, lrf=0.1, mask_ratio=4, max_det=300, mixup=0.0, mode=train, model=yolo11s.pt, momentum=0.937, mosaic=0.5, multi_scale=0.0, name=train, nbs=64, nms=False, opset=None, optimize=False, optimizer=auto, overlap_mask=True, patience=100, perspective=0.0, plots=True, pose=12.0, pretrained=True, profile=False, project=/workspace/Hermes-YOLO/experiments/runs/AR_000, rect=False, resume=False, retina_masks=False, rle=1.0, save=True, save_conf=False, save_crop=False, save_dir=/workspace/Hermes-YOLO/experiments/runs/AR_000/train, save_frames=False, save_json=False, save_period=-1, save_txt=False, scale=0.5, seed=42, shear=0.0, show=False, show_boxes=True, show_conf=True, show_labels=True, simplify=True, single_cls=False, source=None, split=val, stream_buffer=False, task=detect, time=None, tracker=botsort.yaml, translate=0.1, val=True, verbose=True, vid_stride=1, visualize=False, warmup_bias_lr=0.1, warmup_epochs=3.0, warmup_momentum=0.8, weight_decay=0.0005, workers=8, workspace=None
Downloading https://ultralytics.com/assets/Arial.ttf to '/root/.config/Ultralytics/Arial.ttf': 100% ━━━━━━━━━━━━ 755.1KB 7.7MB/s 0.1s
Overriding model.yaml nc=80 with nc=4

                   from  n    params  module                                       arguments                     
  0                  -1  1       928  ultralytics.nn.modules.conv.Conv             [3, 32, 3, 2]                 
  1                  -1  1     18560  ultralytics.nn.modules.conv.Conv             [32, 64, 3, 2]                
  2                  -1  1     26080  ultralytics.nn.modules.block.C3k2            [64, 128, 1, False, 0.25]     
  3                  -1  1    147712  ultralytics.nn.modules.conv.Conv             [128, 128, 3, 2]              
  4                  -1  1    103360  ultralytics.nn.modules.block.C3k2            [128, 256, 1, False, 0.25]    
  5                  -1  1    590336  ultralytics.nn.modules.conv.Conv             [256, 256, 3, 2]              
  6                  -1  1    346112  ultralytics.nn.modules.block.C3k2            [256, 256, 1, True]           
  7                  -1  1   1180672  ultralytics.nn.modules.conv.Conv             [256, 512, 3, 2]              
  8                  -1  1   1380352  ultralytics.nn.modules.block.C3k2            [512, 512, 1, True]           
  9                  -1  1    656896  ultralytics.nn.modules.block.SPPF            [512, 512, 5]                 
 10                  -1  1    990976  ultralytics.nn.modules.block.C2PSA           [512, 512, 1]                 
 11                  -1  1         0  torch.nn.modules.upsampling.Upsample         [None, 2, 'nearest']          
 12             [-1, 6]  1         0  ultralytics.nn.modules.conv.Concat           [1]                           
 13                  -1  1    443776  ultralytics.nn.modules.block.C3k2            [768, 256, 1, False]          
 14                  -1  1         0  torch.nn.modules.upsampling.Upsample         [None, 2, 'nearest']          
 15             [-1, 4]  1         0  ultralytics.nn.modules.conv.Concat           [1]                           
 16                  -1  1    127680  ultralytics.nn.modules.block.C3k2            [512, 128, 1, False]          
 17                  -1  1    147712  ultralytics.nn.modules.conv.Conv             [128, 128, 3, 2]              
 18            [-1, 13]  1         0  ultralytics.nn.modules.conv.Concat           [1]                           
 19                  -1  1    345472  ultralytics.nn.modules.block.C3k2            [384, 256, 1, False]          
 20                  -1  1    590336  ultralytics.nn.modules.conv.Conv             [256, 256, 3, 2]              
 21            [-1, 10]  1         0  ultralytics.nn.modules.conv.Concat           [1]                           
 22                  -1  1   1511424  ultralytics.nn.modules.block.C3k2            [768, 512, 1, True]           
 23        [16, 19, 22]  1    820956  ultralytics.nn.modules.head.Detect           [4, 16, None, [128, 256, 512]]
YOLO11s summary: 182 layers, 9,429,340 parameters, 9,429,324 gradients, 21.6 GFLOPs

Transferred 493/499 items from pretrained weights
Freezing layer 'model.23.dfl.conv.weight'
[34m[1mAMP: [0mrunning Automatic Mixed Precision (AMP) checks...
Downloading https://github.com/ultralytics/assets/releases/download/v8.4.0/yolo26n.pt to 'yolo26n.pt': 100% ━━━━━━━━━━━━ 5.3MB 26.4MB/s 0.2s
[34m[1mAMP: [0mchecks passed ✅
[34m[1mtrain: [0mFast image access ✅ (ping: 0.0±0.0 ms, read: 3466.9±2688.0 MB/s, size: 565.0 KB)
[34m[1mtrain: [0mScanning /root/.cache/huggingface/hub/datasets--ULM-DS-Lab--Dataset-Sawit-YOLO/snapshots/07cd073d89543c1f7cd3b7d8f1aba1c125a41ec1/labels/train... 2764 images, 59 backgrounds, 0 corrupt: 100% ━━━━━━━━━━━━ 2764/2764 1.0Kit/s 2.7s
[34m[1mtrain: [0mNew cache created: /root/.cache/huggingface/hub/datasets--ULM-DS-Lab--Dataset-Sawit-YOLO/snapshots/07cd073d89543c1f7cd3b7d8f1aba1c125a41ec1/labels/train.cache
[34m[1mval: [0mFast image access ✅ (ping: 0.0±0.0 ms, read: 3305.9±3058.5 MB/s, size: 625.6 KB)
[34m[1mval: [0mScanning /root/.cache/huggingface/hub/datasets--ULM-DS-Lab--Dataset-Sawit-YOLO/snapshots/07cd073d89543c1f7cd3b7d8f1aba1c125a41ec1/labels/val... 604 images, 11 backgrounds, 0 corrupt: 100% ━━━━━━━━━━━━ 604/604 1.0Kit/s 0.6s
[34m[1mval: [0mNew cache created: /root/.cache/huggingface/hub/datasets--ULM-DS-Lab--Dataset-Sawit-YOLO/snapshots/07cd073d89543c1f7cd3b7d8f1aba1c125a41ec1/labels/val.cache
[34m[1moptimizer:[0m 'optimizer=auto' found, ignoring 'lr0=0.01' and 'momentum=0.937' and determining best 'optimizer', 'lr0' and 'momentum' automatically... 
[34m[1moptimizer:[0m AdamW(lr=0.00125, momentum=0.9) with parameter groups 81 weight(decay=0.0), 88 weight(decay=0.0005), 87 bias(decay=0.0)
Plotting labels to /workspace/Hermes-YOLO/experiments/runs/AR_000/train/labels.jpg... 
Image sizes 640 train, 640 val
Using 8 dataloader workers
Logging results to [1m/workspace/Hermes-YOLO/experiments/runs/AR_000/train[0m
Starting training for 8 epochs...

      Epoch    GPU_mem   box_loss   cls_loss   dfl_loss  Instances       Size
        1/8      3.96G      2.074      23.83      1.799         55        640: 100% ━━━━━━━━━━━━ 173/173 6.5it/s 26.6s
                 Class     Images  Instances      Box(P          R      mAP50  mAP50-95): 100% ━━━━━━━━━━━━ 19/19 6.5it/s 2.9s
                   all        604       2786      0.398      0.449       0.37      0.162

      Epoch    GPU_mem   box_loss   cls_loss   dfl_loss  Instances       Size
        2/8      4.21G      1.897      18.27      1.589         54        640: 100% ━━━━━━━━━━━━ 173/173 7.8it/s 22.2s
                 Class     Images  Instances      Box(P          R      mAP50  mAP50-95): 100% ━━━━━━━━━━━━ 19/19 8.7it/s 2.2s
                   all        604       2786      0.415      0.516      0.442       0.19

      Epoch    GPU_mem   box_loss   cls_loss   dfl_loss  Instances       Size
        3/8      4.21G      1.913      17.75      1.562         55        640: 100% ━━━━━━━━━━━━ 173/173 8.0it/s 21.5s
                 Class     Images  Instances      Box(P          R      mAP50  mAP50-95): 100% ━━━━━━━━━━━━ 19/19 9.3it/s 2.0s
                   all        604       2786      0.368      0.502      0.408      0.181

      Epoch    GPU_mem   box_loss   cls_loss   dfl_loss  Instances       Size
        4/8      4.23G      1.878      16.96      1.536         64        640: 100% ━━━━━━━━━━━━ 173/173 8.0it/s 21.7s
                 Class     Images  Instances      Box(P          R      mAP50  mAP50-95): 100% ━━━━━━━━━━━━ 19/19 9.2it/s 2.1s
                   all        604       2786      0.436      0.518      0.441      0.192

      Epoch    GPU_mem   box_loss   cls_loss   dfl_loss  Instances       Size
        5/8      4.23G      1.846      16.54      1.504         75        640: 100% ━━━━━━━━━━━━ 173/173 7.0it/s 24.7s
                 Class     Images  Instances      Box(P          R      mAP50  mAP50-95): 100% ━━━━━━━━━━━━ 19/19 3.7it/s 5.1s
                   all        604       2786      0.428      0.542      0.442      0.199

      Epoch    GPU_mem   box_loss   cls_loss   dfl_loss  Instances       Size
        6/8      4.23G      1.809      16.08      1.478         61        640: 100% ━━━━━━━━━━━━ 173/173 6.9it/s 25.2s
                 Class     Images  Instances      Box(P          R      mAP50  mAP50-95): 100% ━━━━━━━━━━━━ 19/19 9.4it/s 2.0s
                   all        604       2786      0.442      0.565      0.477      0.217

      Epoch    GPU_mem   box_loss   cls_loss   dfl_loss  Instances       Size
