[2026-04-08 15:37:41] 🧠 ADAPTIVE AUTONOMOUS RESEARCH STARTED
[2026-04-08 15:37:41] ⏱️  Duration: 8 hours maximum
[2026-04-08 15:37:41] 🎯 Features: Online research + Adaptive idea generation
[2026-04-08 15:37:41] 📊 All ideas documented in IDEA.md
[2026-04-08 15:37:41] =
[2026-04-08 15:37:42] 📋 Starting from experiment 0
[2026-04-08 15:37:42] 
[2026-04-08 15:37:42] 🧪 EXPERIMENT AR_000
[2026-04-08 15:37:42]    Time remaining: 479 minutes
[2026-04-08 15:37:42]    🧠 Analyzing experiments and generating new idea...
Generated idea: Supervised Contrastive Detection (Novelty: 9/10)
Expected gain: 5-10% mAP50 on B2/B3 specifically
[2026-04-08 15:37:44]    ✅ IDEA.md updated and pushed
[2026-04-08 15:37:44]    🎯 Strategy: contrastive_learning
🧪 AR_000: Focal_ClassAware
   Strategy: ['focal_loss_gamma', 'class_aware_sampling']
   ⚠️ Dataset not fully ready, waiting...
Creating new Ultralytics Settings v0.0.6 file ✅ 
View Ultralytics Settings with 'yolo settings' or at '/root/.config/Ultralytics/settings.json'
Update Settings with 'yolo settings key=value', i.e. 'yolo settings runs_dir=path/to/dir'. For help see https://docs.ultralytics.com/quickstart/#ultralytics-settings.
Downloading https://github.com/ultralytics/assets/releases/download/v8.4.0/yolo11s.pt to 'yolo11s.pt': 100% ━━━━━━━━━━━━ 18.4MB 54.1MB/s 0.3s
   ❌ Error: '[31m[1mfocal_gamma[0m' is not a valid YOLO argument. 

    Arguments received: ['yolo', '0']. Ultralytics 'yolo' commands use the following syntax:

        yolo TASK MODE ARGS

        Where   TA
FAILED:'[31m[1mfocal_gamma[0m' is not a valid YOLO argument. 

    Arguments received: ['yolo', '0']. Ultralytics 'yolo' commands use the following syntax:

        yolo TASK MODE ARGS

        Where   TASK (optional) is one of ['obb', 'classify', 'segment', 'pose', 'detect']
                MODE (required) is one of ['track', 'val', 'export', 'train', 'predict', 'benchmark']
                ARGS (optional) are any number of custom 'arg=value' pairs like 'imgsz=320' that override defaults.
                    See all ARGS at https://docs.ultralytics.com/usage/cfg or with 'yolo cfg'

    1. Train a detection model for 10 epochs with an initial learning_rate of 0.01
        yolo train data=coco8.yaml model=yolo26n.pt epochs=10 lr0=0.01

    2. Predict a YouTube video using a pretrained segmentation model at image size 320:
        yolo predict model=yolo26n-seg.pt source='https://youtu.be/LNwODJXcvt4' imgsz=320

    3. Validate a pretrained detection model at batch-size 1 and image size 640:
        yolo val model=yolo26n.pt data=coco8.yaml batch=1 imgsz=640

    4. Export a YOLO26n classification model to ONNX format at image size 224 by 128 (no TASK required)
        yolo export model=yolo26n-cls.pt format=onnx imgsz=224,128

    5. Ultralytics solutions usage
        yolo solutions count or any of ['crop', 'blur', 'workout', 'heatmap', 'isegment', 'visioneye', 'speed', 'queue', 'analytics', 'inference', 'trackzone'] source="path/to/video.mp4"

    6. Run special commands:
        yolo help
        yolo checks
        yolo version
        yolo settings
        yolo copy-cfg
        yolo cfg
        yolo solutions help

    Docs: https://docs.ultralytics.com
    Solutions: https://docs.ultralytics.com/solutions/
    Community: https://community.ultralytics.com
    GitHub: https://github.com/ultralytics/ultralytics
    
[2026-04-08 15:38:49]    ✅ AR_000 completed: mAP50=
[2026-04-08 15:38:49]    📊 Analyzing result...
[2026-04-08 15:38:49]    📈 Updating visualizations...
[2026-04-08 15:38:51]    📤 Pushing all results to GitHub...
To https://github.com/muhammad-zainal-muttaqin/Hermes-YOLO.git
   f784ab0..2d9130d  main -> main
[2026-04-08 15:39:08] 
[2026-04-08 15:39:08] 🧪 EXPERIMENT AR_001
[2026-04-08 15:39:08]    Time remaining: 478 minutes
[2026-04-08 15:39:08]    🧠 Analyzing experiments and generating new idea...
Generated idea: Supervised Contrastive Detection (Novelty: 9/10)
Expected gain: 5-10% mAP50 on B2/B3 specifically
[2026-04-08 15:39:10]    ✅ IDEA.md updated and pushed
[2026-04-08 15:39:11]    🎯 Strategy: contrastive_learning
🧪 AR_001: Conservative_B4
   Strategy: ['conservative_aug', 'high_res_small_obj']
   ⚠️ Dataset not fully ready, waiting...
