[2026-04-08 15:56:18] 🧬 STRUCTURAL AUTONOMOUS RESEARCH STARTED
[2026-04-08 15:56:18] ⏱️  Duration: 8 hours maximum
[2026-04-08 15:56:18] 📜 Following CONTEXT.md: Structural changes, NOT parameter tinkering
[2026-04-08 15:56:18] 🎯 Target: mAP50 > 0.55 through architecture/data/formulation changes
[2026-04-08 15:56:18] =
[2026-04-08 15:56:18] 
[2026-04-08 15:56:18] 🧪 STRUCT_000 - STRUCTURAL EXPERIMENT
[2026-04-08 15:56:18]    Time remaining: 480 minutes
🧪 STRUCT_000: TestTimeAugmentation
   🔬 Structural: TTA wrapper around base model - inference time architecture change
   🎯 Target: B2/B3 ambiguity - higher confidence through consensus
Ultralytics 8.4.35 🚀 Python-3.11.10 torch-2.4.1+cu124 CUDA:0 (NVIDIA RTX A4500, 20053MiB)
[34m[1mengine/trainer: [0magnostic_nms=False, amp=True, angle=1.0, augment=False, auto_augment=randaugment, batch=16, bgr=0.0, box=7.5, cache=False, cfg=None, classes=None, close_mosaic=10, cls=0.5, compile=False, conf=None, copy_paste=0.0, copy_paste_mode=flip, cos_lr=False, cutmix=0.0, data=/workspace/Hermes-YOLO/dataset.yaml, degrees=0.0, deterministic=True, device=None, dfl=1.5, dnn=False, dropout=0.0, dynamic=False, embed=None, end2end=None, epochs=8, erasing=0.4, exist_ok=True, fliplr=0.5, flipud=0.0, format=torchscript, fraction=1.0, freeze=None, half=False, hsv_h=0.015, hsv_s=0.7, hsv_v=0.4, imgsz=640, int8=False, iou=0.7, keras=False, kobj=1.0, line_width=None, lr0=0.01, lrf=0.1, mask_ratio=4, max_det=300, mixup=0.0, mode=train, model=yolo11s.pt, momentum=0.937, mosaic=1.0, multi_scale=0.0, name=train, nbs=64, nms=False, opset=None, optimize=False, optimizer=auto, overlap_mask=True, patience=100, perspective=0.0, plots=True, pose=12.0, pretrained=True, profile=False, project=/workspace/Hermes-YOLO/experiments/runs/STRUCT_000, rect=False, resume=False, retina_masks=False, rle=1.0, save=True, save_conf=False, save_crop=False, save_dir=/workspace/Hermes-YOLO/experiments/runs/STRUCT_000/train, save_frames=False, save_json=False, save_period=-1, save_txt=False, scale=0.5, seed=42, shear=0.0, show=False, show_boxes=True, show_conf=True, show_labels=True, simplify=True, single_cls=False, source=None, split=val, stream_buffer=False, task=detect, time=None, tracker=botsort.yaml, translate=0.1, val=True, verbose=True, vid_stride=1, visualize=False, warmup_bias_lr=0.1, warmup_epochs=3.0, warmup_momentum=0.8, weight_decay=0.0005, workers=8, workspace=None
Overriding model.yaml nc=80 with nc=4

                   from  n    params  module                                       arguments                     
  0                  -1  1       928  ultralytics.nn.modules.conv.Conv             [3, 32, 3, 2]                 
  1                  -1  1     18560  ultralytics.nn.modules.conv.Conv             [32, 64, 3, 2]                
  2                  -1  1     26080  ultralytics.nn.modules.block.C3k2            [64, 128, 1, False, 0.25]     
  3                  -1  1    147712  ultralytics.nn.modules.conv.Conv             [128, 128, 3, 2]              
  4                  -1  1    103360  ultralytics.nn.modules.block.C3k2            [128, 256, 1, False, 0.25]    
  5                  -1  1    590336  ultralytics.nn.modules.conv.Conv             [256, 256, 3, 2]              
  6                  -1  1    346112  ultralytics.nn.modules.block.C3k2            [256, 256, 1, True]           
  7                  -1  1   1180672  ultralytics.nn.modules.conv.Conv             [256, 512, 3, 2]              
  8                  -1  1   1380352  ultralytics.nn.modules.block.C3k2            [512, 512, 1, True]           
  9                  -1  1    656896  ultralytics.nn.modules.block.SPPF            [512, 512, 5]                 
 10                  -1  1    990976  ultralytics.nn.modules.block.C2PSA           [512, 512, 1]                 
 11                  -1  1         0  torch.nn.modules.upsampling.Upsample         [None, 2, 'nearest']          
 12             [-1, 6]  1         0  ultralytics.nn.modules.conv.Concat           [1]                           
 13                  -1  1    443776  ultralytics.nn.modules.block.C3k2            [768, 256, 1, False]          
 14                  -1  1         0  torch.nn.modules.upsampling.Upsample         [None, 2, 'nearest']          
 15             [-1, 4]  1         0  ultralytics.nn.modules.conv.Concat           [1]                           
 16                  -1  1    127680  ultralytics.nn.modules.block.C3k2            [512, 128, 1, False]          
 17                  -1  1    147712  ultralytics.nn.modules.conv.Conv             [128, 128, 3, 2]              
 18            [-1, 13]  1         0  ultralytics.nn.modules.conv.Concat           [1]                           
 19                  -1  1    345472  ultralytics.nn.modules.block.C3k2            [384, 256, 1, False]          
 20                  -1  1    590336  ultralytics.nn.modules.conv.Conv             [256, 256, 3, 2]              
 21            [-1, 10]  1         0  ultralytics.nn.modules.conv.Concat           [1]                           
 22                  -1  1   1511424  ultralytics.nn.modules.block.C3k2            [768, 512, 1, True]           
 23        [16, 19, 22]  1    820956  ultralytics.nn.modules.head.Detect           [4, 16, None, [128, 256, 512]]
YOLO11s summary: 182 layers, 9,429,340 parameters, 9,429,324 gradients, 21.6 GFLOPs

Transferred 493/499 items from pretrained weights
Freezing layer 'model.23.dfl.conv.weight'
[34m[1mAMP: [0mrunning Automatic Mixed Precision (AMP) checks...
[34m[1mAMP: [0mchecks passed ✅
[34m[1mtrain: [0mFast image access ✅ (ping: 0.0±0.0 ms, read: 3687.2±3014.5 MB/s, size: 565.0 KB)

[34m[1mval: [0mFast image access ✅ (ping: 0.0±0.0 ms, read: 3791.4±2821.1 MB/s, size: 625.6 KB)

[34m[1moptimizer:[0m 'optimizer=auto' found, ignoring 'lr0=0.01' and 'momentum=0.937' and determining best 'optimizer', 'lr0' and 'momentum' automatically... 
[34m[1moptimizer:[0m AdamW(lr=0.00125, momentum=0.9) with parameter groups 81 weight(decay=0.0), 88 weight(decay=0.0005), 87 bias(decay=0.0)
Plotting labels to /workspace/Hermes-YOLO/experiments/runs/STRUCT_000/train/labels.jpg... 
Image sizes 640 train, 640 val
Using 8 dataloader workers
Logging results to [1m/workspace/Hermes-YOLO/experiments/runs/STRUCT_000/train[0m
Starting training for 8 epochs...

      Epoch    GPU_mem   box_loss   cls_loss   dfl_loss  Instances       Size
        1/8      3.96G      2.051      2.306      1.647         85        640: 100% ━━━━━━━━━━━━ 173/173 4.6it/s 37.5s
                 Class     Images  Instances      Box(P          R      mAP50  mAP50-95): 100% ━━━━━━━━━━━━ 19/19 8.4it/s 2.3s
                   all        604       2786      0.413      0.515      0.421      0.185

      Epoch    GPU_mem   box_loss   cls_loss   dfl_loss  Instances       Size
        2/8      4.22G      1.899      1.765      1.465         82        640: 100% ━━━━━━━━━━━━ 173/173 7.5it/s 23.2s
                 Class     Images  Instances      Box(P          R      mAP50  mAP50-95): 100% ━━━━━━━━━━━━ 19/19 8.7it/s 2.2s
                   all        604       2786      0.397      0.519      0.432      0.187

      Epoch    GPU_mem   box_loss   cls_loss   dfl_loss  Instances       Size
        3/8      4.22G      1.898      1.713      1.447         87        640: 100% ━━━━━━━━━━━━ 173/173 8.0it/s 21.5s
                 Class     Images  Instances      Box(P          R      mAP50  mAP50-95): 100% ━━━━━━━━━━━━ 19/19 9.0it/s 2.1s
                   all        604       2786      0.391      0.555      0.448      0.198

      Epoch    GPU_mem   box_loss   cls_loss   dfl_loss  Instances       Size
        4/8      4.24G       1.86      1.671      1.431         76        640: 100% ━━━━━━━━━━━━ 173/173 8.0it/s 21.7s
                 Class     Images  Instances      Box(P          R      mAP50  mAP50-95): 100% ━━━━━━━━━━━━ 19/19 8.9it/s 2.1s
                   all        604       2786      0.429      0.566      0.455      0.211

      Epoch    GPU_mem   box_loss   cls_loss   dfl_loss  Instances       Size
        5/8      4.24G      1.839      1.631      1.416         67        640: 100% ━━━━━━━━━━━━ 173/173 8.0it/s 21.8s
                 Class     Images  Instances      Box(P          R      mAP50  mAP50-95): 100% ━━━━━━━━━━━━ 19/19 9.3it/s 2.0s
                   all        604       2786      0.468      0.584      0.485      0.228

      Epoch    GPU_mem   box_loss   cls_loss   dfl_loss  Instances       Size
        6/8      4.24G      1.814      1.587      1.388         86        640: 100% ━━━━━━━━━━━━ 173/173 8.0it/s 21.6s
                 Class     Images  Instances      Box(P          R      mAP50  mAP50-95): 100% ━━━━━━━━━━━━ 19/19 9.1it/s 2.1s
                   all        604       2786      0.456      0.572      0.485      0.228

      Epoch    GPU_mem   box_loss   cls_loss   dfl_loss  Instances       Size
        7/8      4.24G      1.778      1.545      1.376         99        640: 100% ━━━━━━━━━━━━ 173/173 7.9it/s 21.9s
                 Class     Images  Instances      Box(P          R      mAP50  mAP50-95): 100% ━━━━━━━━━━━━ 19/19 9.2it/s 2.1s
                   all        604       2786      0.466      0.572      0.499      0.231

      Epoch    GPU_mem   box_loss   cls_loss   dfl_loss  Instances       Size
        8/8      4.24G      1.752      1.503      1.372        105        640: 100% ━━━━━━━━━━━━ 173/173 7.9it/s 21.8s
                 Class     Images  Instances      Box(P          R      mAP50  mAP50-95): 100% ━━━━━━━━━━━━ 19/19 9.1it/s 2.1s
                   all        604       2786      0.461      0.586      0.504      0.239

8 epochs completed in 0.060 hours.
Optimizer stripped from /workspace/Hermes-YOLO/experiments/runs/STRUCT_000/train/weights/last.pt, 19.2MB
Optimizer stripped from /workspace/Hermes-YOLO/experiments/runs/STRUCT_000/train/weights/best.pt, 19.2MB

Validating /workspace/Hermes-YOLO/experiments/runs/STRUCT_000/train/weights/best.pt...
Ultralytics 8.4.35 🚀 Python-3.11.10 torch-2.4.1+cu124 CUDA:0 (NVIDIA RTX A4500, 20053MiB)
YOLO11s summary (fused): 101 layers, 9,414,348 parameters, 0 gradients, 21.3 GFLOPs
                 Class     Images  Instances      Box(P          R      mAP50  mAP50-95): 100% ━━━━━━━━━━━━ 19/19 5.8it/s 3.3s
                   all        604       2786      0.461      0.585      0.504      0.239
                    B1        252        301      0.567      0.837      0.785      0.409
                    B2        364        612      0.411      0.443       0.37      0.179
                    B3        533       1319      0.495      0.669      0.539      0.248
                    B4        329        554      0.371      0.392      0.322      0.121
Speed: 0.1ms preprocess, 1.2ms inference, 0.0ms loss, 0.7ms postprocess per image
Results saved to [1m/workspace/Hermes-YOLO/experiments/runs/STRUCT_000/train[0m
   🔮 Applying Test-Time Augmentation...
